2022-12-28 09:39:26,881 INFO org.springframework.boot.SpringApplicationBannerPrinter [main] 
  .   ____          _            __ _ _
 /\\ / ___'_ __ _ _(_)_ __  __ _ \ \ \ \
( ( )\___ | '_ | '_| | '_ \/ _` | \ \ \ \
 \\/  ___)| |_)| | | | | || (_| |  ) ) ) )
  '  |____| .__|_| |_|_| |_\__, | / / / /
 =========|_|==============|___/=/_/_/_/
 :: Spring Boot ::                (v2.7.5)


2022-12-28 09:39:26,974 INFO org.springframework.boot.StartupInfoLogger [main] Starting TicketingServiceApplication using Java 11 on MSI with PID 3864 (D:\Studi Independen\ticketing-service\target\classes started by RikoJanuarSawaludin in D:\Studi Independen\ticketing-service)
2022-12-28 09:39:26,974 INFO org.springframework.boot.SpringApplication [main] No active profile set, falling back to 1 default profile: "default"
2022-12-28 09:39:27,837 INFO org.springframework.data.repository.config.RepositoryConfigurationDelegate [main] Bootstrapping Spring Data JPA repositories in DEFAULT mode.
2022-12-28 09:39:27,961 INFO org.springframework.data.repository.config.RepositoryConfigurationDelegate [main] Finished Spring Data repository scanning in 107 ms. Found 18 JPA repository interfaces.
2022-12-28 09:39:28,933 INFO org.springframework.boot.web.embedded.tomcat.TomcatWebServer [main] Tomcat initialized with port(s): 8080 (http)
2022-12-28 09:39:28,933 INFO org.apache.juli.logging.DirectJDKLog [main] Initializing ProtocolHandler ["http-nio-8080"]
2022-12-28 09:39:28,949 INFO org.apache.juli.logging.DirectJDKLog [main] Starting service [Tomcat]
2022-12-28 09:39:28,949 INFO org.apache.juli.logging.DirectJDKLog [main] Starting Servlet engine: [Apache Tomcat/9.0.68]
2022-12-28 09:39:29,139 INFO org.apache.juli.logging.DirectJDKLog [main] Initializing Spring embedded WebApplicationContext
2022-12-28 09:39:29,139 INFO org.springframework.boot.web.servlet.context.ServletWebServerApplicationContext [main] Root WebApplicationContext: initialization completed in 2117 ms
2022-12-28 09:39:29,375 INFO org.hibernate.jpa.internal.util.LogHelper [main] HHH000204: Processing PersistenceUnitInfo [name: default]
2022-12-28 09:39:29,451 INFO org.hibernate.Version [main] HHH000412: Hibernate ORM core version 5.6.12.Final
2022-12-28 09:39:29,686 INFO org.hibernate.annotations.common.reflection.java.JavaReflectionManager [main] HCANN000001: Hibernate Commons Annotations {5.1.2.Final}
2022-12-28 09:39:29,826 INFO com.zaxxer.hikari.HikariDataSource [main] HikariPool-1 - Starting...
2022-12-28 09:39:29,954 INFO com.zaxxer.hikari.HikariDataSource [main] HikariPool-1 - Start completed.
2022-12-28 09:39:29,985 INFO org.hibernate.dialect.Dialect [main] HHH000400: Using dialect: org.hibernate.dialect.PostgreSQLDialect
2022-12-28 09:39:31,098 INFO org.hibernate.engine.transaction.jta.platform.internal.JtaPlatformInitiator [main] HHH000490: Using JtaPlatform implementation: [org.hibernate.engine.transaction.jta.platform.internal.NoJtaPlatform]
2022-12-28 09:39:31,114 INFO org.springframework.orm.jpa.AbstractEntityManagerFactoryBean [main] Initialized JPA EntityManagerFactory for persistence unit 'default'
2022-12-28 09:39:32,100 INFO org.springframework.security.web.DefaultSecurityFilterChain [main] Will secure any request with [org.springframework.security.web.session.DisableEncodeUrlFilter@155767a7, com.binar.tix.config.CorsFilter@5418a659, org.springframework.security.web.context.request.async.WebAsyncManagerIntegrationFilter@46067a74, org.springframework.security.web.context.SecurityContextPersistenceFilter@7bbd944e, org.springframework.security.web.header.HeaderWriterFilter@247415be, org.springframework.security.web.savedrequest.RequestCacheAwareFilter@2480acc3, org.springframework.security.web.servletapi.SecurityContextHolderAwareRequestFilter@4fe3199d, com.binar.tix.config.SecurityAuthenticationFilter@6b8f87dc, org.springframework.security.web.authentication.AnonymousAuthenticationFilter@2d26c6a2, org.springframework.security.web.session.SessionManagementFilter@43735ea0, org.springframework.security.web.access.ExceptionTranslationFilter@28b47211, org.springframework.security.web.access.intercept.FilterSecurityInterceptor@5cef5fc9]
2022-12-28 09:39:32,272 WARN org.springframework.boot.autoconfigure.orm.jpa.JpaBaseConfiguration$JpaWebConfiguration [main] spring.jpa.open-in-view is enabled by default. Therefore, database queries may be performed during view rendering. Explicitly configure spring.jpa.open-in-view to disable this warning
2022-12-28 09:39:33,274 WARN org.springframework.boot.autoconfigure.thymeleaf.ThymeleafAutoConfiguration$DefaultTemplateResolverConfiguration [main] Cannot find template location: classpath:/templates/ (please add some templates, check your Thymeleaf configuration, or set spring.thymeleaf.check-template-location=false)
2022-12-28 09:39:33,461 INFO org.apache.juli.logging.DirectJDKLog [main] Starting ProtocolHandler ["http-nio-8080"]
2022-12-28 09:39:33,492 INFO org.springframework.boot.web.embedded.tomcat.TomcatWebServer [main] Tomcat started on port(s): 8080 (http) with context path '/ticketing-service'
2022-12-28 09:39:33,508 INFO org.springframework.boot.StartupInfoLogger [main] Started TicketingServiceApplication in 7.321 seconds (JVM running for 8.149)
2022-12-28 09:41:36,430 INFO org.apache.juli.logging.DirectJDKLog [http-nio-8080-exec-1] Initializing Spring DispatcherServlet 'dispatcherServlet'
2022-12-28 09:41:36,431 INFO org.springframework.web.servlet.FrameworkServlet [http-nio-8080-exec-1] Initializing Servlet 'dispatcherServlet'
2022-12-28 09:41:36,432 INFO org.springframework.web.servlet.FrameworkServlet [http-nio-8080-exec-1] Completed initialization in 1 ms
2022-12-28 09:41:47,025 INFO com.binar.tix.controller.UsersController [http-nio-8080-exec-3] Incoming Request Header {content-length=[58], postman-token=[208aa81c-7219-4da7-a8ab-258700e612f3], host=[localhost:8080], content-type=[application/json], connection=[keep-alive], cache-control=[no-cache], accept-encoding=[gzip, deflate, br], user-agent=[PostmanRuntime/7.30.0], accept=[*/*]}
Method : POST
Path   : /ticketing-service/ext/login
Body   : {"email":"helo@gmail.com"}
2022-12-28 09:41:47,032 INFO com.binar.tix.controller.UsersController [http-nio-8080-exec-3] Response : {"responseCode":204,"responseMessage":"Email atau password salah"}
2022-12-28 09:41:50,813 INFO com.binar.tix.controller.UsersController [http-nio-8080-exec-4] Incoming Request Header {content-length=[107], postman-token=[a9b7a50a-b4b0-4be0-a598-1bfbd8ba233e], host=[localhost:8080], content-type=[application/json], connection=[keep-alive], cache-control=[no-cache], accept-encoding=[gzip, deflate, br], user-agent=[PostmanRuntime/7.30.0], accept=[*/*]}
Method : POST
Path   : /ticketing-service/ext/register
Body   : {"fullName":"Riko Januar Sawaludin","email":"j@gmail.com"}
2022-12-28 09:41:50,823 INFO com.binar.tix.controller.UsersController [http-nio-8080-exec-4] Response : {"responseCode":409,"responseMessage":"Email sudah terdaftar"}
2022-12-28 09:42:02,654 INFO com.binar.tix.controller.UsersController [http-nio-8080-exec-5] Incoming Request Header {content-length=[59], postman-token=[d0708136-1e77-4131-9744-6fa64e44d96e], host=[localhost:8080], content-type=[application/json], connection=[keep-alive], cache-control=[no-cache], accept-encoding=[gzip, deflate, br], user-agent=[PostmanRuntime/7.30.0], accept=[*/*]}
Method : POST
Path   : /ticketing-service/ext/login
Body   : {"email":"j@gmail.com"}
2022-12-28 09:42:02,666 INFO com.binar.tix.controller.UsersController [http-nio-8080-exec-5] Response : {"responseCode":200,"responseMessage":"Sukses"}
2022-12-28 09:42:18,076 INFO com.binar.tix.controller.BookingController [http-nio-8080-exec-6] Incoming Request Header {authorization=[eyJhbGciOiJIUzI1NiJ9.eyJ1c2VySWQiOjksImVtYWlsIjoiakBnbWFpbC5jb20iLCJyb2xlIjoiQlVZRVIiLCJqdGkiOiIyMTE1MWNkYi0xZTllLTQyYTgtYTdjZC1hZTNhMGExMDA5ZjEiLCJpYXQiOjE2NzIxOTUzMjIsImV4cCI6MTY3NDc4NzMyMn0.6tm6hs-HigL2wvIxP2PClO0F-TzOzn8PhUxXyWGsm-o], postman-token=[d5ebb93b-fed3-4c5b-88f3-3501f2beb336], host=[localhost:8080], connection=[keep-alive], cache-control=[no-cache], accept-encoding=[gzip, deflate, br], user-agent=[PostmanRuntime/7.30.0], accept=[*/*]}
Method : GET
Path   : /ticketing-service/booking/history
Body   : "limit : 10 , pageNumber : 1"
2022-12-28 09:42:18,134 INFO com.binar.tix.controller.BookingController [http-nio-8080-exec-6] Response : {"responseCode":200,"responseMessage":"Sukses"}
2022-12-28 09:43:36,181 INFO com.binar.tix.controller.BookingController [http-nio-8080-exec-9] Incoming Request Header {authorization=[eyJhbGciOiJIUzI1NiJ9.eyJ1c2VySWQiOjksImVtYWlsIjoiakBnbWFpbC5jb20iLCJyb2xlIjoiQlVZRVIiLCJqdGkiOiIyMTE1MWNkYi0xZTllLTQyYTgtYTdjZC1hZTNhMGExMDA5ZjEiLCJpYXQiOjE2NzIxOTUzMjIsImV4cCI6MTY3NDc4NzMyMn0.6tm6hs-HigL2wvIxP2PClO0F-TzOzn8PhUxXyWGsm-o], postman-token=[6e8cda8c-c2c4-4e28-9df0-42a28d6367b8], host=[localhost:8080], connection=[keep-alive], cache-control=[no-cache], accept-encoding=[gzip, deflate, br], user-agent=[PostmanRuntime/7.30.0], accept=[*/*]}
Method : GET
Path   : /ticketing-service/booking/history-detail/INV-MIT-221227-174933
Body   : "INV-MIT-221227-174933"
2022-12-28 09:43:36,226 INFO com.binar.tix.controller.BookingController [http-nio-8080-exec-9] Response : {"responseCode":200,"responseMessage":"Sukses"}
2022-12-28 09:45:00,045 INFO com.binar.tix.controller.BookingController [http-nio-8080-exec-1] Incoming Request Header {authorization=[eyJhbGciOiJIUzI1NiJ9.eyJ1c2VySWQiOjksImVtYWlsIjoiakBnbWFpbC5jb20iLCJyb2xlIjoiQlVZRVIiLCJqdGkiOiIyMTE1MWNkYi0xZTllLTQyYTgtYTdjZC1hZTNhMGExMDA5ZjEiLCJpYXQiOjE2NzIxOTUzMjIsImV4cCI6MTY3NDc4NzMyMn0.6tm6hs-HigL2wvIxP2PClO0F-TzOzn8PhUxXyWGsm-o], postman-token=[86a5c5d9-1b61-4c19-891f-b4acd9ec14f3], host=[localhost:8080], connection=[keep-alive], cache-control=[no-cache], accept-encoding=[gzip, deflate, br], user-agent=[PostmanRuntime/7.30.0], accept=[*/*]}
Method : GET
Path   : /ticketing-service/booking/history-detail/INV-MIT-221227-174933
Body   : "INV-MIT-221227-174933"
2022-12-28 09:45:00,050 INFO com.binar.tix.controller.BookingController [http-nio-8080-exec-1] Response : {"responseCode":200,"responseMessage":"Sukses"}
